<?xml version="1.0" encoding="UTF-8"?>

<!-- Application context definition. -->
<beans xmlns="http://www.springframework.org/schema/beans" xmlns:xsi="http://www.w3.org/2001/XMLSchema-instance"
	xmlns:p="http://www.springframework.org/schema/p" xmlns:context="http://www.springframework.org/schema/context"
	xmlns:tx="http://www.springframework.org/schema/tx" xmlns:jdbc="http://www.springframework.org/schema/jdbc" xmlns:aop="http://www.springframework.org/schema/aop"
	xsi:schemaLocation="http://www.springframework.org/schema/beans
	http://www.springframework.org/schema/beans/spring-beans.xsd
	http://www.springframework.org/schema/context
	http://www.springframework.org/schema/context/spring-context.xsd
	http://www.springframework.org/schema/tx
	http://www.springframework.org/schema/jdbc
	http://www.springframework.org/schema/aop
	http://www.springframework.org/schema/jdbc/spring-jdbc.xsd">

	<!-- for unit test, need import all required xml -->
	<import resource="classpath*:/spring/common-*.xml" />
	<import resource="classpath*:/spring/core-*.xml" />
	<import resource="classpath:/spring/biz-cif.xml" />
	<import resource="classpath:/spring/biz-rbac.xml" />
	<import resource="classpath:biz-service-implement-test.xml" />


	<!-- <import resource="classpath*:sqlmapper/*"/> -->
	<!-- <import resource="classpath*:test-datasource.xml"/> -->
	<!-- <import resource="classpath*:ws/applicationContext-dubbo-client-pvsn.xml"/> -->
	<!-- <import resource="classpath*:ws/applicationContext-ws-client-pvsn.xml"/> -->
	<!-- <import resource="classpath*:ws/applicationContext-dubbo-server-pvsn.xml"/> -->

</beans>
